2021-12-07 16:06:37,709-INFO-Request : tflsRuBEoNkguAI - 0
2021-12-07 16:06:37,747-INFO-Request : SdX2RYmPNPKVDri - 2
2021-12-07 16:06:37,790-INFO-Request : WB4Yazcc9ECgmPa - 1
2021-12-07 16:06:37,790-INFO-Request : rak4Q6v8r6AeeFX - 3
2021-12-07 16:06:37,860-INFO-Request : RgMGFs8QsLVmxvn - 6
2021-12-07 16:06:37,925-INFO-Request : 8Wx2zURNALImJO6 - 9
2021-12-07 16:06:37,925-INFO-Request : ydQcfQQJWOJC7mA - 5
2021-12-07 16:06:38,094-INFO-Request : qqmjQZRng53hUse - 4
2021-12-07 16:06:38,120-INFO-Request : oBm4QtibLIK4cr8 - 8
2021-12-07 16:06:38,120-INFO-Request : IarFbpwKrhTOyxN - 7
2022-03-14 13:59:40,661-INFO-Request : cnuIIJGg12DkDVE - 1
2022-03-14 13:59:40,667-INFO-Request : iypcfE055MKHGWF - 0
2022-03-14 14:00:11,046-INFO-Request : vs2mUwUQpo7ao4N - 0
2022-03-14 14:02:22,381-INFO-Request : afUSKJd76LKonV5 - 0
2022-03-14 14:02:54,252-INFO-Request : LKi27DA5TnzUcjp - 0
2022-03-14 14:03:42,300-INFO-Request : 5LvUwJjmThf5zNX - 0
2022-03-14 14:04:26,756-INFO-Request : XQIuZY7ElnKMGvY - 0
2022-03-14 14:05:08,038-INFO-Request : UGbCpbrrtbRHDZ7 - 0
2022-03-14 14:06:09,065-INFO-Request : iHnuIYLOeew7oZq - 0
2022-03-14 14:06:25,126-INFO-Request : yTSWlCDuewQEy9o - 7
2022-03-14 14:06:25,201-INFO-Request : cSFzkdB5fiMnEJi - 5
2022-03-14 14:06:25,252-INFO-Request : BeXYnpZcDMm38mB - 0
2022-03-14 14:06:25,290-INFO-Request : VjkVAVBXLKjUTEN - 1
2022-03-14 14:06:25,290-INFO-Request : b8egwTP2M32xO95 - 2
2022-03-14 14:06:25,290-INFO-Request : xxEkCwcnrqcZEBA - 6
2022-03-14 14:06:25,334-INFO-Request : jiHYEWQuNiZUrZs - 9
2022-03-14 14:06:25,339-INFO-Request : d3nKFLzgLKBvab0 - 8
2022-03-14 14:06:25,415-INFO-Request : kGNxarNgOSS6gX9 - 4
2022-03-14 14:12:08,134-INFO-Request : oZUtaxGWdVwfS4E - 0
2022-03-14 14:12:08,200-INFO-Request : swPGk1vcfaxiSMh - 9
2022-03-14 14:12:08,206-INFO-Request : ZTMiRJZhevHwqL1 - 3
2022-03-14 14:12:08,210-INFO-Request : FBhO4ii5aUET6sG - 8
2022-03-14 14:12:08,279-INFO-Request : hzxfeCVrw5FYX6f - 2
2022-03-14 14:12:08,357-INFO-Request : hPFjACs6aQO4XwE - 1
2022-03-14 14:12:08,372-INFO-Request : oVqvKE53QHGv49w - 5
2022-03-14 14:12:08,395-INFO-Request : Vp7bZhgXBV3UpvA - 4
2022-03-14 14:12:08,443-INFO-Request : LfZuiBAqtiTmz63 - 6
2022-03-14 14:12:08,455-INFO-Request : CTaen8FN0KHkaNs - 7
2022-03-14 14:13:11,797-INFO-Request : jVeDWoxcjILJ3R4 - 3
2022-03-14 14:13:11,848-INFO-Request : FOZ8sSFmdX2e7v9 - 1
2022-03-14 14:13:11,848-INFO-Request : CU8yu0o9f12qFp5 - 6
2022-03-14 14:13:11,926-INFO-Request : mvVRTWXqwBrmLoJ - 0
2022-03-14 14:13:12,017-INFO-Request : 8C4xXQMR9egFIoj - 5
2022-03-14 14:13:12,017-INFO-Request : byt8BGbyrl2xJnD - 4
2022-03-14 14:13:12,017-INFO-Request : 8W3AKTI34rtC1di - 7
2022-03-14 14:13:12,088-INFO-Request : oUhON7CGKsD7pKg - 9
2022-03-14 14:15:10,686-INFO-Request : 4IjDYaYFEj55XnA - 2
2022-03-14 14:15:10,724-INFO-Request : ieZBYUciCnQFZ6n - 9
2022-03-14 14:15:10,727-INFO-Request : HkpqvMZKxa3sUpm - 7
2022-03-14 14:15:10,734-INFO-Request : s411LeAV1tRIfCV - 5
2022-03-14 14:15:10,830-INFO-Request : I9OAEOwP9yQLbvO - 0
2022-03-14 14:15:10,874-INFO-Request : mFOm19FmrAr0KtI - 6
2022-03-14 14:15:10,921-INFO-Request : t77i1j1d9A96OQA - 1
2022-03-14 14:15:10,928-INFO-Request : 2LW7Q6HzJd8KBCx - 4
2022-03-14 14:15:10,964-INFO-Request : KKMnNSmbYBUqNQ0 - 3
2022-03-14 14:15:10,984-INFO-Request : DVv1qscxuYIEXVT - 8
2022-03-14 14:20:31,050-INFO-Request : CUahN9PosowgFlI - 3
2022-03-14 14:20:31,074-INFO-Request : hQCBh32grLVomRe - 8
2022-03-14 14:20:31,111-INFO-Request : mSzxYp4BcMxmgPd - 1
2022-03-14 14:20:31,227-INFO-Request : LEouPiJQ4d0p3re - 5
2022-03-14 14:20:31,250-INFO-Request : xTNgnRbni1eCynX - 9
2022-03-14 14:20:31,287-INFO-Request : EA0NB9Dtdthm6Kg - 4
2022-03-14 14:20:31,289-INFO-Request : V01fO2Vw4SHWJui - 0
2022-03-14 14:20:31,298-INFO-Request : ScnEITAClqnaxdS - 6
2022-03-14 15:18:04,209-INFO-Request : myGzKzE0iMySSwa - 0
2022-03-14 15:18:04,227-INFO-Request : xQaa1NWG6L2JkZF - 4
2022-03-14 15:18:04,227-INFO-Request : cv6vg2kmuJ3nrXy - 1
2022-03-14 15:18:04,278-INFO-Request : ysULpGuxmG2J0Df - 9
2022-03-14 15:18:04,349-INFO-Request : 0aPdEI52cYYR6I3 - 2
2022-03-14 15:18:04,375-INFO-Request : bKldmaBIuGbQAcc - 3
2022-03-14 15:18:04,375-INFO-Request : 15wU0s8hkn9sDG3 - 5
2022-03-14 15:18:04,440-INFO-Request : aWCyuoOOJT0gN9v - 6
2022-03-14 15:18:04,498-INFO-Request : Z4ra5uxVwrnME6P - 7
2022-03-14 15:18:04,504-INFO-Request : M0dnspoQs0buA9i - 8
2022-03-14 15:20:56,998-INFO-Request : Z2z9QGnQmqt1qqW - 2
2022-03-14 15:20:57,051-INFO-Request : E1Bg76oQG7Mrm98 - 0
2022-03-14 15:20:57,060-INFO-Request : 113gX2uvcHOyjII - 8
2022-03-14 15:20:57,146-INFO-Request : eh7HOcRD1Mjzwe4 - 7
2022-03-14 15:20:57,162-INFO-Request : JKcx6pnA54G4eMF - 1
2022-03-14 15:20:57,239-INFO-Request : zS8Fv82sNvqE66M - 6
2022-03-14 15:20:57,274-INFO-Request : 3g8zZxpNRMc96tB - 5
2022-03-14 15:20:57,274-INFO-Request : XlTSxTHnxrNpWvx - 3
2022-03-14 15:20:57,306-INFO-Request : 6vLxlQtP8XrqmMU - 4
2022-03-14 15:20:57,335-INFO-Request : smPijJDVLNdOpIv - 9
2022-03-14 15:30:28,125-INFO-Request : S1jxbLEjmJeqxQH - 1
2022-03-14 15:30:28,159-INFO-Request : jO7cuI7SOCiB4Z4 - 9
2022-03-14 15:30:28,184-INFO-Request : 2b0Ps8vfFHaqw2X - 6
2022-03-14 15:30:28,194-INFO-Request : hlhjygKDjQNG4Qa - 4
2022-03-14 15:30:28,279-INFO-Request : vQFRQJ5WrbHv0GT - 7
2022-03-14 15:30:28,315-INFO-Request : r53cOYiGl3sxIWF - 0
2022-03-14 15:30:28,355-INFO-Request : 7oirlSLR6R4gbFv - 5
2022-03-14 15:30:28,362-INFO-Request : kYFbRycE6w0Bszg - 2
2022-03-14 15:30:28,411-INFO-Request : E0lSP7vEcGW4aWJ - 8
2022-03-14 15:30:28,447-INFO-Request : E5nlMIJ2Pel60Va - 3
2022-03-14 15:30:55,767-INFO-Request : poMXXzUxuDC4Uhb - 1
2022-03-14 15:30:55,846-INFO-Request : 8Onoh3NBY2LinpP - 5
2022-03-14 15:30:55,866-INFO-Request : S9qcYwuqUNraaGL - 6
2022-03-14 15:30:55,914-INFO-Request : 2VJQ2onfjzx9jBh - 9
2022-03-14 15:30:55,976-INFO-Request : DkeLUyclFJbmjEx - 2
2022-03-14 15:30:56,059-INFO-Request : 7uyrj6Pg6sWKKfw - 7
2022-03-14 15:30:56,090-INFO-Request : KljbVu9MAfjBUwm - 3
2022-03-14 15:30:56,090-INFO-Request : mVGXPDp9VjIYEUL - 0
2022-03-14 15:30:56,110-INFO-Request : I64Guh23PD6LIvS - 4
2022-03-15 17:08:02,111-INFO-Request : UOH2PZPljjKso1D - 1
2022-03-15 17:08:02,122-INFO-Request : t2fmGy0OyKtmRn2 - 0
2022-03-15 17:08:02,123-INFO-Request : SfAX6K2DegKIPbP - 2
2022-03-15 17:08:02,122-INFO-Request : vfvr4ckprw20BI0 - 3
2022-03-15 17:08:02,202-INFO-Request : wkUEb2u0uqiGmBv - 4
2022-03-15 17:14:51,524-INFO-Request : 8f2lV4L03tQx48u - 0
2022-03-15 17:14:51,547-INFO-Request : NX2j9TuidgkJmXu - 1
2022-03-15 17:14:51,553-INFO-Request : NN0Z1QbBZGNKXw0 - 2
2022-03-15 17:14:51,567-INFO-Request : pPTc3ji85I72om4 - 4
2022-03-15 17:14:51,603-INFO-Request : UIsGZs5Zbs1h4xT - 3
2022-03-15 17:15:09,953-INFO-Request : cRumtIsvyMbrawc - 0
2022-03-15 17:15:09,977-INFO-Request : d0UBb4qtMagjuEW - 2
2022-03-15 17:15:09,983-INFO-Request : E8Xvl0dSSxCrR4c - 1
2022-03-15 17:15:09,983-INFO-Request : Yq87D6wwYVle24N - 4
2022-03-15 17:15:10,113-INFO-Request : KuIMlhPC0S80lVx - 3
2022-03-15 18:56:15,285-INFO-Request : Sdeh7tgbEi8Bo7J - 1
2022-03-15 18:56:15,306-INFO-Request : 9WIdzmEZfxazEkN - 4
2022-03-15 18:56:15,307-INFO-Request : 0BPLaP22lHKg3gF - 2
2022-03-15 18:56:15,337-INFO-Request : gPr8QTomeUiAL8o - 0
2022-03-15 18:56:15,382-INFO-Request : dF5HHxTDtJh9vAT - 3
2022-03-15 18:56:35,796-INFO-Request : ZyTneVKPdRND2Pw - 3
2022-03-15 18:56:35,813-INFO-Request : 5qPkV4TkE3MpW5N - 1
2022-03-15 18:56:35,821-INFO-Request : KmDhmEqL1c00ueo - 2
2022-03-15 18:56:35,865-INFO-Request : fZDTS8mEOe8bYyo - 0
2022-03-15 18:56:35,952-INFO-Request : mKhucAOoxoBaJN7 - 4
2022-03-15 20:20:33,366-INFO-Request : mPDmjp6eNmzKKBt - 0
2022-03-15 20:20:33,379-INFO-Request : ikpk7GWnIxfVFoH - 2
2022-03-15 20:20:33,425-INFO-Request : sfclb1dlfLkQ6WO - 3
2022-03-15 20:20:33,445-INFO-Request : 8SjgpkLN61P36ij - 1
2022-03-15 20:20:33,451-INFO-Request : 0fmUsyCsoVr6JQH - 4
2022-03-15 20:21:49,518-INFO-Request : JqAxLwv5BJ1fBHt - 1
2022-03-15 20:21:49,543-INFO-Request : sN0Tyrx3Cvp2XEE - 2
2022-03-15 20:21:49,549-INFO-Request : wfAzwF5vGKRariR - 3
2022-03-15 20:21:49,563-INFO-Request : 9cLnT1lUhQD1UeE - 0
2022-03-15 20:21:49,605-INFO-Request : moWtoeIMYVof4OQ - 4
2022-03-15 20:22:24,318-INFO-Request : CvkobaUVhaVFt1l - 2
2022-03-15 20:22:24,323-INFO-Request : lG0aaERQ3oFeljN - 0
2022-03-15 20:22:24,336-INFO-Request : NLzYrCZkkq4ogX0 - 1
2022-03-15 20:22:24,354-INFO-Request : OkvLXJqy1IHhF6n - 4
2022-03-15 20:22:24,464-INFO-Request : RQUxVwe0g1obWoL - 3
2022-03-15 20:22:43,269-INFO-Request : 09I0t4DoUE8pfps - 0
2022-03-15 20:22:43,311-INFO-Request : cUAFH01MNStLltj - 1
2022-03-15 20:22:43,341-INFO-Request : z44Ydlvui5MEYWH - 4
2022-03-15 20:22:43,397-INFO-Request : CUXO7ot0CCCO08s - 2
2022-03-15 20:23:36,872-INFO-Request : nHm6vgtjneOL6jx - 0
2022-03-15 20:23:36,914-INFO-Request : 7ZfY2gZ25TdNKRE - 1
2022-03-15 20:23:36,914-INFO-Request : 1qfARfdaSR1EXil - 4
2022-03-15 20:23:36,924-INFO-Request : ERs9uUvttfC8djJ - 3
2022-03-15 20:23:36,973-INFO-Request : h1NeogaRHIgmhFF - 2
2022-03-15 20:27:29,216-INFO-Request : b0QQ5nop26PiMeE - 4
2022-03-15 20:27:29,237-INFO-Request : Zbldqp4TmAGma8C - 1
2022-03-15 20:27:29,257-INFO-Request : miTsnpr0qkihz3y - 3
2022-03-15 20:27:29,282-INFO-Request : fQpeqImbVxsiJas - 0
2022-03-15 20:27:29,289-INFO-Request : IkgaPytw9dvpGWR - 2
2022-03-15 20:28:39,156-INFO-Request : OeiXCEcsypABxSm - 3
2022-03-15 20:28:39,166-INFO-Request : 970qa3jH1Mzn7h3 - 0
2022-03-15 20:28:39,177-INFO-Request : 85TliEtVJPRHCyz - 2
2022-03-15 20:28:39,330-INFO-Request : uU8c7RmqqV1dKhO - 4
2022-03-15 20:29:00,044-INFO-Request : tNXJBhH8GUKWSLX - 4
2022-03-15 20:29:00,050-INFO-Request : Cp1v0EZrNRS3B6C - 2
2022-03-15 20:29:00,100-INFO-Request : uP5UnsZ9BWz2hNZ - 3
2022-03-15 20:29:00,101-INFO-Request : wPZVnguwbqzNYPu - 0
2022-03-15 20:29:00,102-INFO-Request : g2AM3GX0UcRvbYT - 1
2022-03-15 20:29:43,030-INFO-Request : tJJIWMDj3otBJUP - 0
2022-03-15 20:29:43,039-INFO-Request : fLA2O7LLPNvuNlj - 4
2022-03-15 20:29:43,117-INFO-Request : HWd7GGvOY5TgGRP - 2
2022-03-15 20:32:27,966-INFO-Request : HSrTnuOINntECTK - 1
2022-03-15 20:32:27,972-INFO-Request : q5dEb4XUpEnPdnb - 2
2022-03-15 20:32:28,007-INFO-Request : pxgkab4YSFlyIqJ - 4
2022-03-15 20:32:28,013-INFO-Request : tHnFdel8GglpzHa - 3
2022-03-15 20:32:28,044-INFO-Request : n9mLXr76oZUXWBR - 0
2022-03-15 20:35:46,909-INFO-Request : JxrvPWRxaWM7Coy - 0
2022-03-15 20:35:46,935-INFO-Request : gU1FUfDa4ETonTw - 3
2022-03-15 20:35:46,968-INFO-Request : h1LaeWsSceKgQTc - 1
2022-03-15 20:35:47,001-INFO-Request : s5gFYJtcj9mtoaO - 4
2022-03-15 20:35:47,001-INFO-Request : COmUd5UNJsPmWIB - 2
2022-03-15 20:36:29,131-INFO-Request : PEQpPGNxlpIotQ8 - 1
2022-03-15 20:36:29,141-INFO-Request : ecHhe2siE0I2YyN - 4
2022-03-15 20:36:29,183-INFO-Request : P1c1lu6jK7oqaAK - 3
2022-03-15 20:36:29,220-INFO-Request : jtvEL2EbwIRQk0f - 0
2022-03-15 20:40:30,076-INFO-Request : kz1J7EkSOWOd7gz - 4
2022-03-15 20:40:30,088-INFO-Request : 3MkMxpSOKCuwfJG - 3
2022-03-15 20:40:30,093-INFO-Request : enYGtrJL7YgtlFC - 0
2022-03-15 20:40:30,109-INFO-Request : yesuOvOvuNkiv4e - 2
2022-03-15 20:40:30,132-INFO-Request : FiRn5sFXHT0RRbB - 1
2022-03-15 20:44:22,979-INFO-Request : tmlRcZ5thQjpkiB - 1
2022-03-15 20:44:22,984-INFO-Request : iGGKxTdcStl6KzH - 4
2022-03-15 20:44:23,029-INFO-Request : p55drRUZTmhvgoh - 3
2022-03-15 20:44:23,038-INFO-Request : xJ95yJ8zRU8whH9 - 2
2022-03-24 19:32:25,530-INFO-Request : QrHA2AHTq6rAxZm - 7
2022-03-24 19:32:25,545-INFO-Request : iJ1L0yvy2JqYZwG - 6
2022-03-24 19:32:25,612-INFO-Request : kRzyskQqrM4xYrY - 4
2022-03-24 19:32:25,757-INFO-Request : YvVrRoRqbN2YTpR - 5
2022-03-24 19:32:25,757-INFO-Request : jYsGRtCOc1vM6yE - 1
2022-03-24 19:32:25,764-INFO-Request : HEq7MU065ze93Be - 3
2022-03-24 19:32:25,773-INFO-Request : XmJJ2LYszWhICJr - 2
2022-03-24 19:32:25,806-INFO-Request : 7HJj0GJlhl4ZSsI - 0
2022-03-24 19:32:25,831-INFO-Request : B3cFEIKbaHBDKLe - 9
2022-03-24 19:33:53,505-INFO-Request : XlGlPJWkrtvfhqs - 2
2022-03-24 19:33:53,570-INFO-Request : SXim7aA8NU0pKEL - 3
2022-03-24 19:33:53,592-INFO-Request : 5pBEoebD0yxfJgI - 8
2022-03-24 19:33:53,666-INFO-Request : b4ZObc00lemMJSN - 4
2022-03-24 19:33:53,694-INFO-Request : GKQ3isuqExgVcXM - 7
2022-03-24 19:33:53,760-INFO-Request : 3rGbXsPnCYMleMh - 1
2022-03-24 19:33:53,760-INFO-Request : 8hmRfn2vQfx6kaW - 0
2022-03-24 19:33:53,770-INFO-Request : D57N4XlHHjQuHUU - 9
2022-03-24 19:33:53,846-INFO-Request : rS32rOc5bxA9Mt0 - 6
2022-03-24 19:34:47,572-INFO-Request : TquJzRBTKYrLRaz - 1
2022-03-24 19:34:47,637-INFO-Request : d7ZImJUPUp4olmg - 4
2022-03-24 19:34:47,705-INFO-Request : urDIiiYkjcHgw23 - 0
2022-03-24 19:34:47,806-INFO-Request : wZUG0qqkDnAfM5V - 2
2022-03-24 19:34:47,813-INFO-Request : Pz6By505SuSdL6A - 3
2022-03-24 19:34:47,844-INFO-Request : Waiaj8dKBqpArtY - 5
2022-03-24 19:34:47,844-INFO-Request : Mdzrr6MHJ886ibP - 8
2022-03-24 19:34:47,852-INFO-Request : nb92qCKM35ysRJh - 6
2022-03-24 19:34:47,914-INFO-Request : DuJVxuGnER6A12i - 7
2022-03-24 19:34:47,915-INFO-Request : Wqsm7RM2UqfOOnJ - 9
2022-03-24 19:35:47,894-INFO-Request : oKbqAypuoobt6LX - 5
2022-03-24 19:35:47,894-INFO-Request : 3nC2bZrvixUwbbU - 6
2022-03-24 19:35:47,938-INFO-Request : RPcC9RQw6zShvdQ - 4
2022-03-24 19:35:47,961-INFO-Request : goRxU5ms9DFKGlJ - 1
2022-03-24 19:35:48,018-INFO-Request : cpLG8Uj8GoiBWXv - 2
2022-03-24 19:35:48,055-INFO-Request : 8rMGFjxwcq3T1PC - 0
2022-03-24 19:35:48,079-INFO-Request : s1q9YMaFM9ZRtoP - 8
2022-03-24 19:35:48,107-INFO-Request : ABrbMJhYrgBccL3 - 3
2022-03-24 19:35:48,156-INFO-Request : hFidDGCBs9Gxo2f - 9
2022-03-24 19:35:48,198-INFO-Request : jj7bCvaRxvVz3XZ - 7
2022-03-24 19:36:56,276-INFO-Request : 5WyYTlDIMpHZYRE - 1
2022-03-24 19:36:56,289-INFO-Request : zH2TiVELbR15lHX - 0
2022-03-24 19:36:56,321-INFO-Request : noRLxD7sj9SxG93 - 8
2022-03-24 19:36:56,364-INFO-Request : FPnJEobQKIFjpHn - 9
2022-03-24 19:36:56,460-INFO-Request : 1wXVo1r5w2A5VNG - 7
2022-03-24 19:36:56,465-INFO-Request : yir2It9BJxRO7mm - 6
2022-03-24 19:36:56,512-INFO-Request : fTbb91cXN9IZ30d - 4
2022-03-24 19:36:56,575-INFO-Request : WXyuidWGR6M31GT - 2
2022-03-24 19:43:19,440-INFO-Request : PD5ZosgHGKFNhG0 - 7
2022-03-24 19:43:19,461-INFO-Request : X5eDhxTAifjzaf9 - 6
2022-03-24 19:43:19,480-INFO-Request : ffkVxM26pXSkzMJ - 9
2022-03-24 19:43:19,538-INFO-Request : eQf6z1Q5wzz3KiY - 1
2022-03-24 19:43:19,625-INFO-Request : toSuLCgCLmcV01l - 0
2022-03-24 19:43:19,626-INFO-Request : IuP0vs87pHNZmBg - 4
2022-03-24 19:43:19,698-INFO-Request : nkl381JhashM9l3 - 2
2022-03-24 19:43:19,718-INFO-Request : TGE7fyR4vO5J8dd - 5
2022-03-24 19:43:19,776-INFO-Request : ZyVSTTYxobb37xr - 8
2022-03-24 19:43:19,812-INFO-Request : 45Y8taBJuNrGlmw - 3
2022-03-24 19:45:52,391-INFO-Request : 0YI8Z0HaeVe3bXQ - 0
2022-03-24 19:45:52,406-INFO-Request : uavsRLUEXa3XPzs - 2
2022-03-24 19:45:52,482-INFO-Request : yBdh01RtAKxgg94 - 7
2022-03-24 19:45:52,586-INFO-Request : abn5HyMiYbzuyPp - 9
2022-03-24 19:45:52,623-INFO-Request : CGvaGx8gRZBih9C - 6
2022-03-24 19:45:52,623-INFO-Request : RM7bnjAoRcKi9xF - 8
2022-03-24 19:45:52,629-INFO-Request : PZATLfJP64Fe3OD - 5
2022-03-24 19:45:52,671-INFO-Request : 75hAH8tEyUAXRnV - 3
2022-03-24 19:45:52,687-INFO-Request : Ocztv1cYxFhBrEw - 4
2022-03-24 19:45:52,692-INFO-Request : QoItE3fPFqapo3R - 1
2022-03-24 19:52:25,162-INFO-Request : eQ1X6QsPHDFl2Zt - 5
2022-03-24 19:52:25,202-INFO-Request : m4c4GjVSaHHADzO - 4
2022-03-24 19:52:25,233-INFO-Request : XoSzfic6jbU0BKb - 6
2022-03-24 19:52:25,269-INFO-Request : fFL0PxXSoSh6xlW - 7
2022-03-24 19:52:25,298-INFO-Request : GjcbZBB9qGEAwjU - 8
2022-03-24 19:52:25,339-INFO-Request : RhkbD1sbkfYM2MM - 1
2022-03-24 19:52:25,390-INFO-Request : 4qBkFDHhtrL7rZv - 0
2022-03-24 19:52:25,405-INFO-Request : Si2YSzEoJ9uIlQy - 2
2022-03-24 19:52:25,441-INFO-Request : pIEReFzyzkhbIu3 - 3
2022-03-24 19:52:25,485-INFO-Request : mnocmVoNZu7141y - 9
2022-03-24 19:52:48,626-INFO-Request : nRxtPNk3IzNxcc0 - 2
2022-03-24 19:52:48,638-INFO-Request : ERafFMOtJZhJfLe - 4
2022-03-24 19:52:48,715-INFO-Request : ZhBtEywvMqXWU4E - 0
2022-03-24 19:52:48,776-INFO-Request : 41JoFVBcCkTGkfw - 1
2022-03-24 19:52:48,798-INFO-Request : Fwd9Q0KhQ2hItay - 9
2022-03-24 19:52:48,857-INFO-Request : Uk5tqglOhmXCjOW - 3
2022-03-24 19:52:48,881-INFO-Request : d6aeASW2Nf2OdfZ - 5
2022-03-24 19:52:48,925-INFO-Request : MdEvaLjPhRCifjg - 8
2022-03-24 20:36:32,996-INFO-Request : 2QCTjeEu5LRaBIN - 2
2022-03-24 20:36:33,114-INFO-Request : 0YJny7Xk3UrPAJJ - 6
2022-03-24 20:36:33,154-INFO-Request : SQimi7cgOorFV5W - 4
2022-03-24 20:36:33,162-INFO-Request : agtZ73Sd7Bxk4RP - 0
2022-03-24 20:36:33,223-INFO-Request : tIl2hmsodnt8vt1 - 8
2022-03-24 20:36:33,259-INFO-Request : hpTFh2JBTpNmpt1 - 5
2022-03-24 20:36:33,262-INFO-Request : HrP6qyyEXqdYaMv - 9
2022-03-24 20:36:33,313-INFO-Request : KdHzzwsBHr80yYJ - 13
2022-03-24 20:36:33,402-INFO-Request : f8UrvN3urRkiEKy - 15
2022-03-24 20:36:33,498-INFO-Request : ychRcAwLayU0ibm - 10
2022-03-24 20:36:33,498-INFO-Request : cwGrj254mpyDQ2a - 3
2022-03-24 20:36:33,626-INFO-Request : 2FlC8tii0jFjoUc - 1
2022-03-24 20:36:33,656-INFO-Request : LlPEeVx17u2wiGD - 19
2022-03-24 20:36:33,700-INFO-Request : vsgwwaynEBo5ehH - 11
2022-03-24 20:36:33,711-INFO-Request : DdI6EHQmOwb9E83 - 7
2022-03-24 20:36:33,713-INFO-Request : ytGC0ATHn73oARS - 18
2022-03-24 20:36:33,790-INFO-Request : ii1A9CmCz5c0N6c - 14
2022-03-24 20:36:33,790-INFO-Request : O8RX2jLwNmgy4n8 - 17
2022-03-24 20:36:33,840-INFO-Request : SqDwyYNZtN8Gw5R - 12
2022-03-24 20:36:33,865-INFO-Request : UmPK2qxG65fghZf - 16
2022-03-24 21:15:57,359-INFO-Request : vcDLIZPGCbBCTzd - 10
2022-03-24 21:15:57,384-INFO-Request : QfjusaZWnqTo9MD - 7
2022-03-24 21:15:57,528-INFO-Request : bn97ZrdMLAP30Ny - 11
2022-03-24 21:15:57,528-INFO-Request : xJ42XM0O3wHygaZ - 12
2022-03-24 21:15:57,528-INFO-Request : mochp0atcYEDspq - 13
2022-03-24 21:15:57,528-INFO-Request : qLBH65ycijbRwlx - 15
2022-03-24 21:15:57,635-INFO-Request : srC0VD5PWYZIQyn - 18
2022-03-24 21:15:57,679-INFO-Request : GF7pLB1eObWLYGY - 6
2022-03-24 21:15:57,679-INFO-Request : jBrCDnvbnMYvyOL - 2
2022-03-24 21:15:57,778-INFO-Request : q8SSWxdJMeukMUj - 0
2022-03-24 21:15:57,796-INFO-Request : a0tYfelA0L9Zzo1 - 8
2022-03-24 21:15:57,883-INFO-Request : PrgA6Amzv8SrjKJ - 9
2022-03-24 21:15:57,912-INFO-Request : faM7IuOL2yDFyRM - 5
2022-03-24 21:15:57,933-INFO-Request : 7Ws4psxoPQfwmVx - 4
2022-03-24 21:15:57,963-INFO-Request : W3Erf5uzKEMIgyQ - 3
2022-03-24 21:15:57,963-INFO-Request : ApXqEtBKhhtwGS4 - 16
2022-03-24 21:15:58,014-INFO-Request : AcyWXhQX26QL9zF - 1
2022-03-24 21:15:58,086-INFO-Request : A5Khw6jnS7Gi4Vm - 17
2022-03-24 21:15:58,087-INFO-Request : muWigGRbhe373J2 - 14
2022-03-24 21:15:58,103-INFO-Request : tlH41meLeDWf7kp - 19
2022-03-24 21:18:03,499-INFO-Request : UZZCl8wbbyuI9fF - 0
2022-03-24 21:18:03,648-INFO-Request : xrtd1jBFVugEoPG - 14
2022-03-24 21:18:03,664-INFO-Request : dGCeQ7WNVAwGzjL - 5
2022-03-24 21:18:03,687-INFO-Request : xcDNPyNesIfh2Z1 - 19
2022-03-24 21:18:03,689-INFO-Request : h9AJi9mmpkk8h2n - 13
2022-03-24 21:18:03,705-INFO-Request : 8zrTqfIrQFZhiBZ - 10
2022-03-24 21:18:03,891-INFO-Request : 33mgahfRypClezp - 3
2022-03-24 21:18:03,891-INFO-Request : FPzOL3n3juRxtdR - 2
2022-03-24 21:18:03,941-INFO-Request : fIv4fGzMMjBLYf5 - 4
2022-03-24 21:18:04,132-INFO-Request : j9O3XFmU9sUGrr7 - 1
2022-03-24 21:18:04,154-INFO-Request : KLqmP9FUXwk08Yr - 18
2022-03-24 21:18:04,154-INFO-Request : 6Bjz7G8QzI7WPCu - 11
2022-03-24 21:18:04,164-INFO-Request : sL2itAUv0SMwJar - 17
2022-03-24 21:18:04,165-INFO-Request : 2rNGM0Drkw06YEn - 9
2022-03-24 21:18:04,168-INFO-Request : Sf3aAwnJe0okaML - 12
2022-03-24 21:18:04,173-INFO-Request : LEXvxIMxEwsdVKa - 8
2022-03-24 21:18:04,173-INFO-Request : u9ojnmIUsooQVaq - 6
2022-03-24 21:18:04,172-INFO-Request : RoHfGv9N1IAKoiA - 16
2022-03-25 22:01:00,774-INFO-Request : f6q2rbmg7u3Vhaw - 3
2022-03-25 22:01:00,893-INFO-Request : Bkf7zBDsgJ1aHBZ - 19
2022-03-25 22:01:00,893-INFO-Request : PXhJYFV4pySWT41 - 2
2022-03-25 22:01:00,982-INFO-Request : LV5CseOTSvqmR5r - 1
2022-03-25 22:01:00,982-INFO-Request : ePZ3KVmWB2UOQte - 15
2022-03-25 22:01:01,031-INFO-Request : A6QiKQMdWAPeayA - 7
2022-03-25 22:01:01,042-INFO-Request : YWCpRaDs1C0VnC2 - 16
2022-03-25 22:01:01,152-INFO-Request : OsqolOjK5r0EeAT - 4
2022-03-25 22:01:01,235-INFO-Request : O6oS92UtrE1Wmfo - 17
2022-03-25 22:01:01,261-INFO-Request : IexrzjhXOOjE6Ms - 18
2022-03-25 22:01:01,362-INFO-Request : 0WHIfVe1LaSjNO5 - 6
2022-03-25 22:01:01,379-INFO-Request : tIxBOtyMmTgCcN5 - 14
2022-03-25 22:01:01,421-INFO-Request : t3CQjrO9k1rWL8N - 10
2022-03-25 22:01:01,421-INFO-Request : K0cGA2pYcYfzCLm - 11
2022-03-25 22:01:01,423-INFO-Request : 1GQjzGjSLxPShiz - 9
2022-03-25 22:01:01,451-INFO-Request : iylt5Vrv0fWiRDG - 8
2022-03-25 22:01:01,471-INFO-Request : un8qEX3RXjpSj3O - 0
2022-03-25 22:01:01,478-INFO-Request : JuAedOFKDQe8x0b - 5
2022-03-25 22:01:01,487-INFO-Request : uMjpmzeaQkDDK2o - 12
2022-03-25 22:01:01,530-INFO-Request : 0ZnWuHIyehXnTR1 - 13
2022-03-27 10:01:43,306-INFO-Request : KGTmHaJVHyyER6v - 4
2022-03-27 10:01:43,439-INFO-Request : Mj4j8a5DayPezIT - 6
2022-03-27 10:01:43,525-INFO-Request : BuvyvdAGaAf5X9g - 19
2022-03-27 10:01:43,537-INFO-Request : NYMNWKmt6aj1pEQ - 8
2022-03-27 10:01:43,580-INFO-Request : uauM2XoFsOtyXRV - 3

2022-03-27 10:01:43,623-INFO-Request : xCUeQE5WmQ9D3bo - 12
2022-03-27 10:01:43,656-INFO-Request : shKNx2x86nsra7x - 5
2022-03-27 10:01:43,655-INFO-Request : prWEku9Vi6Sadw9 - 16
2022-03-27 10:01:43,755-INFO-Request : u1bzvjCRDSKnXlI - 1
2022-03-27 10:01:43,766-INFO-Request : ODQSqVUmEGKTbJH - 2
2022-03-27 10:01:43,803-INFO-Request : cGgbGPzjA2Xyi2o - 10
2022-03-27 10:01:43,829-INFO-Request : eoFX6JyAEk8BHEA - 7
2022-03-27 10:01:43,877-INFO-Request : 80qB5mgCjtnu1KT - 0
2022-03-27 10:01:43,939-INFO-Request : wy8RuiLjWN9UeG4 - 9
2022-03-27 10:01:43,939-INFO-Request : 4NRYEozJAqndnpY - 13
2022-03-27 10:01:43,990-INFO-Request : uTWfspl0F7Heix9 - 18
2022-03-27 10:01:44,037-INFO-Request : wgPdr14VZT60gsF - 15
2022-03-27 10:01:44,086-INFO-Request : OTStIunLkpu4VmT - 14
2022-03-27 10:01:44,126-INFO-Request : jWZMQ6VuV83aJaj - 17
2022-04-13 19:25:30,571-INFO-Request : 2vED88MUZSEE5RD - 4
2022-04-13 19:25:30,577-INFO-Request : ZEhg6npsF3s0zrQ - 7
2022-04-13 19:25:30,604-INFO-Request : T80ICkXR8nnHSl6 - 6
2022-04-13 19:25:30,620-INFO-Request : XSzp2iQtMyjulcn - 3
2022-04-13 19:25:30,686-INFO-Request : rcRFXH87OAOFEmK - 2
2022-04-13 19:25:30,728-INFO-Request : iqVW0SrzUt3wJds - 0
2022-04-13 19:25:30,749-INFO-Request : 9qn3y7aNtMFmIOS - 8
2022-04-13 19:25:30,749-INFO-Request : lAzotBlSgH5kUY4 - 5
2022-04-13 19:25:30,839-INFO-Request : kWmVTMaS7sxS5xB - 1
2022-04-13 19:26:48,771-INFO-Request : Ssh4T1ojdQf0AGf - 5
2022-04-13 19:26:48,771-INFO-Request : Nnp1khpaMd18iBz - 4
2022-04-13 19:26:48,839-INFO-Request : 6h6miX6iMhI65S9 - 7
2022-04-13 19:26:48,841-INFO-Request : tcrP12toPRJiy5H - 0
2022-04-13 19:26:48,876-INFO-Request : Fxcab3JyQ7xX7hP - 6
2022-04-13 19:26:48,888-INFO-Request : bSwPNVNDf8da5aX - 2
2022-04-13 19:26:48,981-INFO-Request : 0fHZ9VxAzspenk8 - 8
2022-04-13 19:26:48,981-INFO-Request : jNp5mhHptXSJS1s - 3
2022-04-13 19:26:49,002-INFO-Request : KLWGAszITBama7M - 1
2022-04-13 20:01:51,612-INFO-Request : E3qoJNU0ZXxYcJj - 0
2022-04-13 20:01:51,691-INFO-Request : zBq2AhkYt6lj8vJ - 3
2022-04-13 20:01:51,695-INFO-Request : aWhZ9VD2bFwrdZ4 - 1
2022-04-13 20:01:51,700-INFO-Request : Ifl7soXsE3I56cn - 6
2022-04-13 20:01:51,769-INFO-Request : p0cMMctdHDuap4A - 7
2022-04-13 20:01:51,847-INFO-Request : KQDilvTRixSdzn6 - 4
2022-04-13 20:01:51,847-INFO-Request : 5DCm0EsJa1OkB87 - 2
2022-04-13 20:01:51,876-INFO-Request : mseFVzZfXJABRtf - 5
2022-04-13 20:01:51,937-INFO-Request : 95X28YWS1O3GjCu - 8
2022-04-13 20:02:23,666-INFO-Request : WPTJneuqFjo3zhz - 0
2022-04-13 20:02:23,729-INFO-Request : rnemWElOF3B24Ua - 4
2022-04-13 20:02:23,748-INFO-Request : MKDbOJVr576psgC - 8
2022-04-13 20:02:23,753-INFO-Request : Nq5Hb6S1bbMveTo - 3
2022-04-13 20:02:23,824-INFO-Request : PYR8uNq2sc1bPK2 - 7
2022-04-13 20:02:23,899-INFO-Request : 7oeqG3bHDuw4OWd - 2
2022-04-13 20:02:23,907-INFO-Request : fQ4RJ0RTmHzDhUg - 1
2022-04-13 20:02:23,958-INFO-Request : 8ZEEU8vwJzzwHio - 5
2022-04-13 20:02:23,959-INFO-Request : 9SnCIBpy2iDStET - 6
2022-04-13 20:24:57,516-INFO-Request : RVZtz2r84B9xyfi - 2
2022-04-13 20:24:57,544-INFO-Request : Tgb5GQs4OW5beAs - 3
2022-04-13 20:24:57,576-INFO-Request : FVgL7SKE1RRiv8P - 1
2022-04-13 20:24:57,581-INFO-Request : 8g20mYIkX3R7rld - 0
2022-04-13 20:24:57,651-INFO-Request : dx1v07TX1NykAby - 5
2022-04-13 20:24:57,676-INFO-Request : 0PD81GKqMdPCZiQ - 4
2022-04-13 20:24:57,727-INFO-Request : jaQ6isc11muMRCb - 6
2022-04-13 20:24:57,829-INFO-Request : mD3BF6bwXd9BoZs - 8
2022-04-13 20:26:37,285-INFO-Request : 5OEC9hIYzbupbYu - 0
2022-04-13 20:26:37,310-INFO-Request : 3CObKOTw99K1n6U - 2
2022-04-13 20:26:37,311-INFO-Request : 0881C2pua0xW8AW - 3
2022-04-13 20:26:37,391-INFO-Request : 9CQxBcXUbmo4pTQ - 5
2022-04-13 20:26:37,483-INFO-Request : YC4QJO8IMK6IEPh - 4
2022-04-13 20:26:37,519-INFO-Request : ZxYcbcZ9X1ZEYOm - 1
2022-04-13 20:26:37,545-INFO-Request : b4vDIz91SfUyCqZ - 6
2022-04-13 20:26:37,584-INFO-Request : KrJ1roxdEn0BmWb - 8
2022-04-13 20:46:07,209-INFO-Request : oDJL742nIIQNhse - 2
2022-04-13 20:46:07,234-INFO-Request : HSDP6txWfN91g6D - 3
2022-04-13 20:46:07,299-INFO-Request : CuO8SSuQfjDHGyy - 8
2022-04-13 20:46:07,309-INFO-Request : X0G5uDPbV48AcZC - 7
2022-04-13 20:46:07,344-INFO-Request : ZLCDIPiXLd3wJpR - 6
2022-04-13 20:46:07,394-INFO-Request : xsUU6EhcU2TH7Nu - 1
2022-04-13 20:46:07,445-INFO-Request : pdb8YSHXmPA5Cli - 5
2022-04-13 20:46:07,449-INFO-Request : gaYBdt8w3WkE7Hq - 0
2022-04-13 20:46:07,502-INFO-Request : KoC8e4dOzmPxCJ4 - 9
2022-04-13 20:46:07,518-INFO-Request : dKaCZaYzz2Mqgrl - 4
2022-04-13 20:47:12,032-INFO-Request : rRXT9ehaHj6RDPH - 7
2022-04-13 20:47:12,059-INFO-Request : DuGHr4Vf24zD0ay - 1
2022-04-13 20:47:12,064-INFO-Request : ktJH3wuikdMJILv - 8
2022-04-13 20:47:12,069-INFO-Request : haXotj43xarbi0q - 6
2022-04-13 20:47:12,211-INFO-Request : yBUwfjVdGZjeYQR - 4
2022-04-13 20:47:12,217-INFO-Request : ciFbiGtWXGBkrQp - 2
2022-04-13 20:47:12,273-INFO-Request : 2d75T9RZ8PUxP02 - 9
2022-04-13 20:47:12,274-INFO-Request : U41SptI09qadtbP - 0
2022-04-13 20:47:12,287-INFO-Request : QkVxX6t94ff8qM0 - 5
2022-04-13 20:50:26,669-INFO-Request : uzyIuREj3rZc4Y1 - 0
2022-04-13 20:50:26,685-INFO-Request : mkuqI5E3nej3Ezk - 2
2022-04-13 20:50:26,786-INFO-Request : VkXH92bNJ7oLUhq - 8
2022-04-13 20:50:26,864-INFO-Request : vRnMjLneFxst96q - 1
2022-04-13 20:50:26,918-INFO-Request : x5wm4s7BtSo2RYo - 4
2022-04-13 20:50:26,923-INFO-Request : 4H63Gs2oEt0bHBK - 3
2022-04-13 20:50:26,988-INFO-Request : 9e0KwdApAoMrH1n - 9
2022-04-13 20:50:27,000-INFO-Request : cyr8LD47cSVFVnD - 5
2022-04-13 20:50:27,022-INFO-Request : Gw4c6vxxGLXdY60 - 6
2022-04-13 20:54:27,109-INFO-Request : tNgfvxeL9TLb3A6 - 5
2022-04-13 20:54:27,110-INFO-Request : il4LfEjirFwC998 - 6
2022-04-13 20:54:27,110-INFO-Request : VMNIB06ZkjfeDie - 7
2022-04-13 20:54:27,244-INFO-Request : 0HnhqhirIcEGnsI - 8
2022-04-13 20:54:27,358-INFO-Request : ZP21WuIK8qNaYOx - 4
2022-04-13 20:54:27,363-INFO-Request : FKY7SuQMnYGJpF4 - 0
2022-04-13 20:54:27,415-INFO-Request : 97lWYFa3q64Iebc - 3
2022-04-13 20:54:27,453-INFO-Request : V4kmgpuER54zC4A - 9
2022-04-13 20:54:27,453-INFO-Request : naAJZqVwXmZbI47 - 1
2022-04-13 21:03:19,377-INFO-Request : Do6WKYRTY6VO8Jq - 4
2022-04-13 21:03:19,398-INFO-Request : Dp8ytDBBKEo6OKy - 3
2022-04-13 21:03:19,416-INFO-Request : 58qK4QT6bBvtxPQ - 8
2022-04-13 21:03:19,482-INFO-Request : HRksLEj0HMUPfq5 - 1
2022-04-13 21:03:19,612-INFO-Request : cYnTu5kzUJlS7eM - 7
2022-04-13 21:03:19,613-INFO-Request : Snsz9jXc0FCzXrG - 0
2022-04-13 21:03:19,612-INFO-Request : R3PVMbL6B2sQFeV - 2
2022-04-13 21:03:19,642-INFO-Request : 6gz164tQoKNx9wh - 5
2022-04-13 21:03:19,701-INFO-Request : 6TXsNJkSTo4S85a - 6
2022-04-13 21:03:19,743-INFO-Request : Hb2BGzv4yHRkxPd - 9
2022-04-13 21:07:25,727-INFO-Request : CLPxb5baxGkznQr - 2
2022-04-13 21:07:25,951-INFO-Request : zk6pz52pfz5egJm - 3
2022-04-13 21:07:25,958-INFO-Request : gCVkeS2NMD4tgjJ - 6
2022-04-13 21:07:26,076-INFO-Request : 7u9ShFQxxD6WsYm - 6
2022-04-13 21:07:26,142-INFO-Request : Q5Kj1ZdTTmbe3ks - 2
2022-04-13 21:07:26,209-INFO-Request : o2Z4X6zlrhKN8k3 - 0
2022-04-13 21:07:26,209-INFO-Request : VfhweHZfbSEhOMa - 5
2022-04-13 21:07:26,250-INFO-Request : vDgi2dGYXWJDSmJ - 0
2022-04-13 21:07:26,259-INFO-Request : 14bUK78AsQzH4UW - 4
2022-04-13 21:07:26,264-INFO-Request : OHkCOPlvsqK1ueJ - 9
2022-04-13 21:07:26,274-INFO-Request : M5z63t9RaohmD7S - 7
2022-04-13 21:07:26,310-INFO-Request : ilTwuR0YSc1xzOu - 8
2022-04-13 21:07:26,319-INFO-Request : W70lsWUrPRe7B5Q - 7
2022-04-13 21:07:26,581-INFO-Request : rsvpfsBmt1PQslr - 3
2022-04-13 21:07:26,586-INFO-Request : gupWvwewmkhLnIA - 3
2022-04-13 21:07:26,599-INFO-Request : 7ekTFmtKqvRNa6C - 4
2022-04-13 21:07:26,657-INFO-Request : HBQJQi1VE8H7Stp - 5
2022-04-13 21:07:26,665-INFO-Request : s6r1VNQnTUMMWt7 - 1
2022-04-13 21:07:26,687-INFO-Request : 0Sg88Hvsao9INRT - 4
2022-04-13 21:07:26,762-INFO-Request : pXugQjfEYRhbCtn - 1
2022-04-13 21:07:26,836-INFO-Request : bAkSQTLHMiGDJjg - 8
2022-04-13 21:07:26,837-INFO-Request : bSx1FhVX2a0bJl3 - 9
2022-04-13 21:07:26,837-INFO-Request : eJO0lqBLRAeBHrC - 8
2022-04-13 21:07:26,865-INFO-Request : y5HDKSNYRnepisn - 1
2022-04-13 21:07:26,879-INFO-Request : SePynYTXKBw0N9f - 2
2022-04-13 21:07:26,893-INFO-Request : IKQSR1YrJPgWCo2 - 9
2022-04-13 21:07:26,906-INFO-Request : Bze125gtZhySmMp - 7
2022-04-13 21:07:26,922-INFO-Request : D2nbb192ft6friy - 6
2022-04-13 21:07:26,967-INFO-Request : iYet1FJrS1moBRJ - 5
2022-04-13 21:08:05,427-INFO-Request : 6vb0ZlcUvj47GzZ - 0
2022-04-13 21:08:05,441-INFO-Request : PGDIhN1nV0mZYNt - 0
2022-04-13 21:08:05,712-INFO-Request : JgrOOCMorOAm7lg - 5
2022-04-13 21:08:05,728-INFO-Request : haoxkqvNRS7dvWH - 0
2022-04-13 21:08:05,767-INFO-Request : 1VqnjeYrJkeiCtL - 8
2022-04-13 21:08:05,783-INFO-Request : LTzM9QxrCtGStW5 - 8
2022-04-13 21:08:05,807-INFO-Request : D9OEHlx9U84D0xX - 1
2022-04-13 21:08:05,808-INFO-Request : Rdn5UJg4ZhhfHnF - 1
2022-04-13 21:08:05,835-INFO-Request : dC12TLhW2j0lkzc - 5
2022-04-13 21:08:05,846-INFO-Request : CGbulb7sWKoejjq - 3
2022-04-13 21:08:05,930-INFO-Request : MZJGBAcTuDxRGWX - 9
2022-04-13 21:08:05,967-INFO-Request : auyvehSXiQuoIe2 - 3
2022-04-13 21:08:05,994-INFO-Request : 91GVCqX4lvUpRMU - 8
2022-04-13 21:08:06,282-INFO-Request : nmkuYt3JE1T038L - 6
2022-04-13 21:08:06,282-INFO-Request : X3fhCYL8zPsrz8Y - 1
2022-04-13 21:08:06,282-INFO-Request : W3Nj2DwXDmvg983 - 7
2022-04-13 21:08:06,325-INFO-Request : sAs59KYV5M4CDdM - 4
2022-04-13 21:08:06,342-INFO-Request : J3AwP4aoiFqmsjF - 4
2022-04-13 21:08:06,344-INFO-Request : jx4aWiC7hNiiSbO - 6
2022-04-13 21:08:06,371-INFO-Request : Wj0JS4I0rPKiORg - 2
2022-04-13 21:08:06,377-INFO-Request : W90ClDHXmfJ5vBh - 3
2022-04-13 21:08:06,388-INFO-Request : XjozPvUJyqScVkl - 6
2022-04-13 21:08:06,400-INFO-Request : 08hpN0vaCB03HUZ - 7
2022-04-13 21:08:06,424-INFO-Request : GuCrYrPxQdNJSW6 - 2
2022-04-13 21:08:06,434-INFO-Request : SrzcyExLiHiHuF1 - 5
2022-04-13 21:08:06,446-INFO-Request : jJ8ZInm0s4k4CyU - 2
2022-04-13 21:08:06,552-INFO-Request : lQcQAVwJsI5DfRW - 9
2022-04-13 21:08:06,555-INFO-Request : qcqxYd3eKt4KfFA - 9
2022-04-13 21:08:06,568-INFO-Request : aXWdfkgy6zPtciF - 7
2022-04-13 21:08:06,593-INFO-Request : V6T5MQ2QFtxmo3V - 4
2022-04-13 21:11:04,597-INFO-Request : EdFLzcLVc4Gzq8D - 5
2022-04-13 21:11:04,631-INFO-Request : qpbbEKxlohxwYFX - 2
2022-04-13 21:11:04,632-INFO-Request : BhtPaXJAjWY0YA6 - 4
2022-04-13 21:11:04,632-INFO-Request : 2rtprn2NqRMJMUD - 6
2022-04-13 21:11:04,882-INFO-Request : TTBO0SpTDKXKTb9 - 3
2022-04-13 21:11:04,899-INFO-Request : iMjj9rx90uHfAct - 5
2022-04-13 21:11:04,948-INFO-Request : K3SaYOvrhZBYPSA - 9
2022-04-13 21:11:04,950-INFO-Request : HE8c3fc11WvWGM4 - 9
2022-04-13 21:11:04,980-INFO-Request : ol9rpHCfemOZIzP - 8
2022-04-13 21:11:04,982-INFO-Request : XU4bCl01kJmq33v - 3
2022-04-13 21:11:05,228-INFO-Request : Aq85rDyqdQQ0OW8 - 7
2022-04-13 21:11:05,228-INFO-Request : farRvHeynXgdIj7 - 0
2022-04-13 21:11:05,345-INFO-Request : g9fB6vHcdAkyRYZ - 1
2022-04-13 21:11:05,347-INFO-Request : 7IpINWNNKexWiyt - 0
2022-04-13 21:11:05,562-INFO-Request : gzoWq6lzrqZDjdE - 6
2022-04-13 21:11:05,562-INFO-Request : g5tbTCyXGEgSImh - 8
2022-04-13 21:11:05,562-INFO-Request : X967JUktkMcJoHc - 9
2022-04-13 21:11:05,656-INFO-Request : ToYG00ZB2JXjZ9e - 1
2022-04-13 21:11:05,658-INFO-Request : F9L0w1iRSduZZIJ - 3
2022-04-13 21:11:05,659-INFO-Request : mA05G4PHvxnbpfk - 2
2022-04-13 21:11:05,659-INFO-Request : RyE5Qn0O5EalEWN - 4
2022-04-13 21:11:05,660-INFO-Request : Ty31iy2WNphiNAH - 1
2022-04-13 21:11:05,660-INFO-Request : jVVakR6y6TqwEhw - 0
2022-04-13 21:11:05,661-INFO-Request : 6Oov81Sb6laX3xU - 7
2022-04-13 21:11:05,724-INFO-Request : WTQSCJ2cwqjwEyc - 8
2022-04-13 21:11:05,844-INFO-Request : JbMVk2hscXBaqhV - 4
2022-04-13 21:11:05,891-INFO-Request : XPnEP76PNceby9W - 6
2022-04-14 08:53:28,311-INFO-Request : mlORg6zgxnoPbA1 - 0
2022-04-14 08:53:28,366-INFO-Request : 9uzUfX3BGt0uYpN - 1
2022-04-14 08:53:28,499-INFO-Request : 6EBxMddsUzWRhfO - 5
2022-04-14 08:53:28,505-INFO-Request : p7076wGQxSzhX93 - 2
2022-04-14 08:53:28,521-INFO-Request : HNB7uquttGv8otU - 4
2022-04-14 08:53:28,583-INFO-Request : dVmTLq4cXJqdJm1 - 5
2022-04-14 08:53:28,584-INFO-Request : v8b4e7C1K1TAAi2 - 4
2022-04-14 08:53:28,757-INFO-Request : eBa2uYKVUaxwP9b - 1
2022-04-14 08:53:28,867-INFO-Request : AgovWKs70h1jLSU - 2
2022-04-14 08:53:28,869-INFO-Request : u3kUN8gepKegeKx - 0
2022-04-14 08:53:28,919-INFO-Request : nYPD1VoSjzs9wcZ - 0
2022-04-14 08:53:29,024-INFO-Request : 8BIhHWVQM2VtZJK - 3
2022-04-14 08:53:29,049-INFO-Request : SqiMExKEXnHn35f - 3
2022-04-14 08:53:29,111-INFO-Request : PDbfcTW7hudBtuR - 3
2022-04-14 08:53:29,141-INFO-Request : yD3Mye2mmfD7MYz - 5
2022-04-14 08:53:29,141-INFO-Request : UCfHNEtrVLY0bR4 - 4
2022-04-14 08:53:29,146-INFO-Request : MuBhn6biJPM544Y - 7
2022-04-14 08:53:29,252-INFO-Request : 3gAPEqAUuynO12P - 6
2022-04-14 08:53:29,253-INFO-Request : 8VwqewTgAGdVbDI - 7
2022-04-14 08:53:29,309-INFO-Request : vWnnv8JRqNUnZ3z - 7
2022-04-14 08:53:29,310-INFO-Request : LBliBSvuGJOBzYV - 6
2022-04-14 08:53:29,311-INFO-Request : WVi2UBAKzfuF9EB - 2
2022-04-14 08:56:15,163-INFO-Request : l0yEGtXxqAjg5wK - 2
2022-04-14 08:56:15,286-INFO-Request : YXIfNuwmtc92Hm3 - 0
2022-04-14 08:56:15,332-INFO-Request : hiPfMmQLmsdcKch - 5
2022-04-14 08:56:15,341-INFO-Request : xIK3mUSZxQft33l - 6
2022-04-14 08:56:15,385-INFO-Request : nESqTRreLG6FLey - 5
2022-04-14 08:56:15,380-INFO-Request : WaGU60mfgwLjlCs - 1
2022-04-14 08:56:15,411-INFO-Request : KV7B5crBuazelY9 - 1
2022-04-14 08:56:15,460-INFO-Request : NzZwl90WyZUWMMd - 6
2022-04-14 08:56:15,640-INFO-Request : OjFDiLQGVZ3CjIz - 0
2022-04-14 08:56:15,640-INFO-Request : GREJHUrqfkv17Fd - 0
2022-04-14 08:56:15,640-INFO-Request : K3GDXTBH0giIE0n - 7
2022-04-14 08:56:15,790-INFO-Request : P5nLV3hXX4jAok4 - 4
2022-04-14 08:56:15,790-INFO-Request : JjRkkbNqGtFoN57 - 3
2022-04-14 08:56:15,869-INFO-Request : Id4Cxukt5YyE9b7 - 2
2022-04-14 08:56:15,933-INFO-Request : Of8DzWUgVdOEFHK - 1
2022-04-14 08:56:15,939-INFO-Request : q8dyWHdvIk9zUGS - 4
2022-04-14 08:56:15,962-INFO-Request : DVuwE3b3V5QyjC6 - 7
2022-04-14 08:56:15,979-INFO-Request : 39wvwg1PF8V140d - 2
2022-04-14 08:56:15,990-INFO-Request : efAtNFcvcAElBks - 3
2022-04-14 08:56:16,054-INFO-Request : kwDkfpj7i6p4vBU - 7
2022-04-14 08:56:16,062-INFO-Request : S9InsGiAFO3sUx8 - 5
2022-04-14 08:56:16,129-INFO-Request : tNDxNRhcvQahTDI - 6
2022-04-14 09:00:24,173-INFO-Request : gt9Kb9WLyJKCRrp - 3
2022-04-14 09:00:24,271-INFO-Request : THpDOoVraFUjkas - 2
2022-04-14 09:00:24,288-INFO-Request : QcAUlCYuQ2Q64Pw - 3
2022-04-14 09:00:24,291-INFO-Request : sMxSuARsS5Jj8W7 - 1
2022-04-14 09:00:24,303-INFO-Request : twCdM2qdxixIPip - 5
2022-04-14 09:00:24,424-INFO-Request : iwrLrzWlOcvESkS - 4
2022-04-14 09:00:24,446-INFO-Request : JuUIm1lvqzOxJTB - 3
2022-04-14 09:00:24,449-INFO-Request : Eblwjl5yNpOcTYg - 4
2022-04-14 09:00:24,517-INFO-Request : wawbAsi3iLYlGIb - 7
2022-04-14 09:00:24,755-INFO-Request : lAH3fFiZHFy3Mnm - 2
2022-04-14 09:00:24,756-INFO-Request : wluL3JnieRMsFpp - 0
2022-04-14 09:00:24,755-INFO-Request : kAVyEiPbtT65cJL - 5
2022-04-14 09:00:24,823-INFO-Request : ywA6Vu0uVqj42Wh - 6
2022-04-14 09:00:24,916-INFO-Request : OcmZ1Z2lfMrabah - 6
2022-04-14 09:00:24,916-INFO-Request : TDCpDQcRLiWUr7T - 6
2022-04-14 09:00:24,917-INFO-Request : xWKcaKEGue1fLXy - 4
2022-04-14 09:00:24,922-INFO-Request : HkWNsjObWucGzsu - 7
2022-04-14 09:00:24,978-INFO-Request : Ah0ZfDc6CGz8rdT - 5
2022-04-14 09:00:24,996-INFO-Request : XE33t1A6HsVHAbo - 1
2022-04-14 09:00:24,997-INFO-Request : iGvw6L8m7vHoD44 - 0
2022-04-14 09:00:25,012-INFO-Request : 1mbye7nHoA8yYaW - 0
2022-04-14 09:00:25,047-INFO-Request : X9BgBnRYpinTI9i - 7
2022-04-14 09:00:25,053-INFO-Request : JXfkJ0sOZjZ4igc - 1
2022-04-14 09:01:43,660-INFO-Request : mPlGQzSoZZN59kE - 0
2022-04-14 09:01:43,773-INFO-Request : kxdxqGCVSwhla2U - 4
2022-04-14 09:01:43,773-INFO-Request : sVp9kA7T6ErfGo4 - 7
2022-04-14 09:01:43,798-INFO-Request : VfAq2EZ9hXteb2f - 4
2022-04-14 09:01:43,798-INFO-Request : witDejagjEQWw17 - 1
2022-04-14 09:01:43,875-INFO-Request : 80OhAwNnEPCMkvU - 7
2022-04-14 09:01:44,033-INFO-Request : qPS9t1GuY6WO1MU - 2
2022-04-14 09:01:44,162-INFO-Request : 49i9RKgTNy0in43 - 6
2022-04-14 09:01:44,163-INFO-Request : tfK6MpkeTYu3sCI - 1
2022-04-14 09:01:44,182-INFO-Request : xre2P1l1JajmoBq - 1
2022-04-14 09:01:44,207-INFO-Request : yQty9Jz3NmUxwSf - 0
2022-04-14 09:01:44,256-INFO-Request : czCdPuYyViRajnk - 0
2022-04-14 09:01:44,257-INFO-Request : TDtdFouzs013p7O - 3
2022-04-14 09:01:44,282-INFO-Request : p4e08U7VXINpiLz - 5
2022-04-14 09:01:44,295-INFO-Request : 8I8Wdj229mWAuNL - 3
2022-04-14 09:01:44,307-INFO-Request : CW4XtGhudlsubmR - 6
2022-04-14 09:01:44,370-INFO-Request : o2q5Fa9988eWCRe - 2
2022-04-14 09:01:44,383-INFO-Request : iQyyiUO6YrY2yMv - 4
2022-04-14 09:01:44,445-INFO-Request : CENeSLd42YKFaGg - 7
2022-04-14 09:01:44,451-INFO-Request : ifVHEONqXE3iMLH - 6
2022-04-14 09:01:44,483-INFO-Request : 5TY64ByTQL7EBQK - 5
2022-04-14 09:01:44,490-INFO-Request : 64jzStgTSSakZ1A - 2
2022-04-14 09:01:44,558-INFO-Request : LhaOMz3E8a0hsHC - 5
2022-04-14 09:03:38,182-INFO-Request : AAuAyj30jpYQx8r - 0
2022-04-14 09:03:38,252-INFO-Request : KfNcSGaQZporUeh - 2
2022-04-14 09:03:38,260-INFO-Request : sULJwugSNYwOmDi - 3
2022-04-14 09:03:38,370-INFO-Request : SfllGUTNPiaaMFB - 5
2022-04-14 09:03:38,409-INFO-Request : SuEbWaOtTmHtycU - 3
2022-04-14 09:03:38,448-INFO-Request : 1AMr5787UJ8iQ3Q - 7
2022-04-14 09:03:38,491-INFO-Request : Ply6NY0SlyXPh2V - 6
2022-04-14 09:03:38,541-INFO-Request : 4odCtOdW2IY6Cot - 0
2022-04-14 09:03:38,721-INFO-Request : SSWulQJLryyDI6r - 3
2022-04-14 09:03:38,734-INFO-Request : GcXtgqn3YSUqO5N - 0
2022-04-14 09:03:38,873-INFO-Request : x51ciWwpnkskOF7 - 6
2022-04-14 09:03:38,876-INFO-Request : R72AqdJAlmBsLlg - 4
2022-04-14 09:03:38,915-INFO-Request : 1MvCUvVG5Aongvo - 6
2022-04-14 09:03:38,941-INFO-Request : EeqMGE5Thk6hfOB - 4
2022-04-14 09:03:38,946-INFO-Request : gx6BqGkOcMGglFx - 4
2022-04-14 09:03:38,946-INFO-Request : if6xA3cNnKGdfcJ - 2
2022-04-14 09:03:38,913-INFO-Request : VcrujRxJFCmvNdA - 7
2022-04-14 09:03:38,990-INFO-Request : Ol6fQwps1bQaTPo - 1
2022-04-14 09:03:39,001-INFO-Request : daQKWHyNeQHLmoK - 1
2022-04-14 09:03:39,006-INFO-Request : edZEQepHthOjJ9L - 1
2022-04-14 09:03:39,041-INFO-Request : 7Zl0hLvTN05lXzx - 5
2022-04-14 09:03:39,043-INFO-Request : 7WG8dsBZY80IlHc - 5
2022-04-14 09:03:39,067-INFO-Request : 2SEIEYHoCRtL2P4 - 7
2022-04-14 09:03:39,072-INFO-Request : 1tY9XO5zmqPdcNl - 2
2022-04-14 20:28:55,518-INFO-Request : DK5FBt4BJl4nssD - 2
2022-04-14 20:28:55,543-INFO-Request : lCqSRJqXcmD260u - 4
2022-04-14 20:28:55,634-INFO-Request : 7UrCaMNbDC7zwqh - 7
2022-04-14 20:28:55,695-INFO-Request : GjXmjefz1RfscVl - 6
2022-04-14 20:28:55,696-INFO-Request : NBN6AqEuQWbvCEN - 6
2022-04-14 20:28:55,797-INFO-Request : Y66Dxozya3Sgw2d - 6
2022-04-14 20:28:55,857-INFO-Request : jfbYWGCVf86gwF5 - 1
2022-04-14 20:28:55,857-INFO-Request : GeyaqpmHVI1sQeb - 5
2022-04-14 20:28:55,881-INFO-Request : kClMhjfJVw0pMiU - 3
2022-04-14 20:28:55,929-INFO-Request : QAphjBqqLqL0FOl - 0
2022-04-14 20:28:56,023-INFO-Request : F0V40h4AuTSGiea - 0
2022-04-14 20:28:56,084-INFO-Request : TqHf00KkGaYg6dq - 0
2022-04-14 20:28:56,205-INFO-Request : WrEoSeE4EYAXhTy - 2
2022-04-14 20:28:56,205-INFO-Request : QMgVFILUVqiZshc - 3
2022-04-14 20:28:56,217-INFO-Request : RPtwquItMmzBayt - 5
2022-04-14 20:28:56,255-INFO-Request : pqIpLAvFJzDIctE - 3
2022-04-14 20:28:56,255-INFO-Request : xc2EQTRCQbkTpnX - 1
2022-04-14 20:28:56,266-INFO-Request : ppOxmmMii7JPnPL - 4
2022-04-14 20:28:56,266-INFO-Request : C2pr1Rlfgy8ppnA - 1
2022-04-14 20:28:56,307-INFO-Request : n0mSKvIM9v9fvZk - 5
2022-04-14 20:28:56,357-INFO-Request : OjXaPUHuWXfU5DH - 7
2022-04-14 20:28:56,359-INFO-Request : Gwo52OFo5ixnwNt - 2
2022-04-14 20:28:56,397-INFO-Request : 4JhwVZpPXqTzb0f - 4
2022-04-14 20:53:23,579-INFO-Request : JElMFmwBfOKEWtb - 2
2022-04-14 20:53:23,732-INFO-Request : JwleAWEmvhOVKQJ - 7
2022-04-14 20:53:23,732-INFO-Request : t3hDZYCqvln42jy - 7
2022-04-14 20:53:23,739-INFO-Request : EE3GR3rQGcYcMUi - 5
2022-04-14 20:53:23,739-INFO-Request : TE8D31s7c7OZE4K - 6
2022-04-14 20:53:23,775-INFO-Request : LKe7tNdpxgEIeOU - 5
2022-04-14 20:53:23,793-INFO-Request : VLu3tRIPGfbWdhY - 5
2022-04-14 20:53:23,829-INFO-Request : ZghMdHLSRiBe2Fc - 3
2022-04-14 20:53:23,912-INFO-Request : VA6ZMLTfIXqm8wV - 0
2022-04-14 20:53:23,940-INFO-Request : h3src8egLrbeYbR - 0
2022-04-14 20:53:24,048-INFO-Request : CEJn0f4HW9d3rKx - 2
2022-04-14 20:53:24,048-INFO-Request : VSrSFTpa6ZQMeZc - 0
2022-04-14 20:53:24,235-INFO-Request : HG7BbSam535UHA8 - 3
2022-04-14 20:53:24,235-INFO-Request : EDHCKxCDohYrCJ5 - 1
2022-04-14 20:53:24,334-INFO-Request : qcs3SORZGUtdWwH - 4
2022-04-14 20:53:24,343-INFO-Request : 5WpIUpr7n5J0yqk - 1
2022-04-14 20:53:24,357-INFO-Request : xJAotcYwMCajxcA - 6
2022-04-14 20:53:24,381-INFO-Request : Ud8UIy4awDT2Nyt - 2
2022-04-14 20:53:24,388-INFO-Request : CQGKTPNCLjC2O7k - 4
2022-04-14 20:53:24,389-INFO-Request : S0kqoW3LX2VVtAk - 1
2022-04-14 20:53:24,405-INFO-Request : xujMgoXQZcLKlNc - 3
2022-04-14 20:53:24,427-INFO-Request : fOMyx9Av3c939Uf - 4
2022-04-14 20:53:24,434-INFO-Request : rqJ9zRmVCPeYefV - 6
2022-04-14 20:53:24,465-INFO-Request : QKvHpD3blPMM6EC - 7
